SF:lib/core/error/failure.dart
DA:6,2
DA:8,0
DA:9,0
DA:13,0
DA:17,0
DA:22,2
DA:29,0
LF:7
LH:2
end_of_record
SF:lib/features/auth/domain/use_case/login_usecase.dart
DA:13,1
DA:19,0
DA:23,0
DA:24,0
DA:31,1
DA:33,1
DA:36,6
DA:37,1
DA:38,2
DA:39,1
DA:40,2
DA:41,4
DA:42,1
DA:44,1
LF:14
LH:11
end_of_record
SF:lib/app/shared_prefs/token_shared_prefs.dart
DA:9,0
DA:11,0
DA:13,0
DA:14,0
DA:16,0
DA:20,0
DA:22,0
DA:23,0
DA:25,0
LF:9
LH:0
end_of_record
SF:lib/features/auth/domain/entity/auth_entity.dart
DA:12,2
DA:22,0
DA:24,0
LF:3
LH:1
end_of_record
SF:lib/features/auth/domain/use_case/register_user_usecase.dart
DA:17,2
DA:27,0
DA:36,0
DA:37,0
DA:38,0
DA:39,0
DA:40,0
DA:41,0
DA:42,0
DA:43,0
DA:50,1
DA:52,1
DA:54,1
DA:55,1
DA:56,1
DA:57,1
DA:58,1
DA:59,1
DA:60,1
DA:62,2
LF:20
LH:11
end_of_record
